\BOOKMARK [0][-]{chapter*.1}{\376\377\000D\000e\000c\000l\000a\000r\000a\000t\000i\000o\000n}{}% 1
\BOOKMARK [0][-]{chapter*.2}{\376\377\000A\000p\000p\000r\000o\000v\000a\000l}{}% 2
\BOOKMARK [0][-]{chapter*.3}{\376\377\000E\000t\000h\000i\000c\000s\000\040\000S\000t\000a\000t\000e\000m\000e\000n\000t}{}% 3
\BOOKMARK [0][-]{chapter*.4}{\376\377\000A\000b\000s\000t\000r\000a\000c\000t}{}% 4
\BOOKMARK [0][-]{chapter*.5}{\376\377\000D\000e\000d\000i\000c\000a\000t\000i\000o\000n}{}% 5
\BOOKMARK [0][-]{chapter*.6}{\376\377\000A\000c\000k\000n\000o\000w\000l\000e\000d\000g\000m\000e\000n\000t}{}% 6
\BOOKMARK [0][-]{chapter.1}{\376\377\000I\000n\000t\000r\000o\000d\000u\000c\000t\000i\000o\000n}{}% 7
\BOOKMARK [1][-]{section.1.1}{\376\377\000B\000a\000c\000k\000g\000r\000o\000u\000n\000d}{chapter.1}% 8
\BOOKMARK [1][-]{section.1.2}{\376\377\000R\000a\000t\000i\000o\000n\000a\000l\000e\000\040\000o\000f\000\040\000t\000h\000e\000\040\000S\000t\000u\000d\000y}{chapter.1}% 9
\BOOKMARK [1][-]{section.1.3}{\376\377\000P\000r\000o\000b\000l\000e\000m\000\040\000S\000t\000a\000t\000e\000m\000e\000n\000t}{chapter.1}% 10
\BOOKMARK [1][-]{section.1.4}{\376\377\000O\000b\000j\000e\000c\000t\000i\000v\000e\000s}{chapter.1}% 11
\BOOKMARK [1][-]{section.1.5}{\376\377\000R\000e\000s\000e\000a\000r\000c\000h\000\040\000Q\000u\000e\000s\000t\000i\000o\000n\000s}{chapter.1}% 12
\BOOKMARK [1][-]{section.1.6}{\376\377\000B\000l\000o\000c\000k\000c\000h\000a\000i\000n\000\040\000J\000u\000s\000t\000i\000f\000i\000c\000a\000t\000i\000o\000n}{chapter.1}% 13
\BOOKMARK [1][-]{section.1.7}{\376\377\000P\000r\000o\000p\000o\000s\000e\000d\000\040\000S\000o\000l\000u\000t\000i\000o\000n}{chapter.1}% 14
\BOOKMARK [2][-]{subsection.1.7.1}{\376\377\000C\000r\000o\000s\000s\000-\000T\000i\000e\000r\000\040\000L\000e\000n\000d\000i\000n\000g\000\040\000S\000y\000s\000t\000e\000m}{section.1.7}% 15
\BOOKMARK [1][-]{section.1.8}{\376\377\000M\000e\000t\000h\000o\000d\000o\000l\000o\000g\000y\000\040\000i\000n\000\040\000B\000r\000i\000e\000f}{chapter.1}% 16
\BOOKMARK [1][-]{section.1.9}{\376\377\000S\000c\000o\000p\000e\000s\000\040\000a\000n\000d\000\040\000C\000h\000a\000l\000l\000e\000n\000g\000e\000s}{chapter.1}% 17
\BOOKMARK [1][-]{section.1.10}{\376\377\000M\000a\000r\000k\000e\000t\000\040\000A\000n\000a\000l\000y\000s\000i\000s\000\040\000a\000n\000d\000\040\000P\000a\000r\000t\000n\000e\000r\000s\000h\000i\000p\000\040\000E\000c\000o\000s\000y\000s\000t\000e\000m}{chapter.1}% 18
\BOOKMARK [2][-]{subsection.1.10.1}{\376\377\000M\000a\000r\000k\000e\000t\000\040\000S\000i\000z\000i\000n\000g}{section.1.10}% 19
\BOOKMARK [2][-]{subsection.1.10.2}{\376\377\000T\000a\000r\000g\000e\000t\000\040\000C\000u\000s\000t\000o\000m\000e\000r\000\040\000S\000e\000g\000m\000e\000n\000t}{section.1.10}% 20
\BOOKMARK [2][-]{subsection.1.10.3}{\376\377\000P\000a\000r\000t\000n\000e\000r\000\040\000E\000c\000o\000s\000y\000s\000t\000e\000m}{section.1.10}% 21
\BOOKMARK [2][-]{subsection.1.10.4}{\376\377\000I\000n\000c\000e\000n\000t\000i\000v\000e\000\040\000A\000l\000i\000g\000n\000m\000e\000n\000t\000\040\000T\000h\000r\000o\000u\000g\000h\000\040\000t\000h\000e\000\040\000B\000l\000o\000c\000k\000c\000h\000a\000i\000n\000\040\000P\000l\000a\000t\000f\000o\000r\000m}{section.1.10}% 22
\BOOKMARK [0][-]{chapter.2}{\376\377\000L\000i\000t\000e\000r\000a\000t\000u\000r\000e\000\040\000R\000e\000v\000i\000e\000w}{}% 23
\BOOKMARK [1][-]{section.2.1}{\376\377\000P\000r\000e\000l\000i\000m\000i\000n\000a\000r\000i\000e\000s}{chapter.2}% 24
\BOOKMARK [1][-]{section.2.2}{\376\377\000R\000e\000v\000i\000e\000w\000\040\000o\000f\000\040\000E\000x\000i\000s\000t\000i\000n\000g\000\040\000R\000e\000s\000e\000a\000r\000c\000h}{chapter.2}% 25
\BOOKMARK [2][-]{subsection.2.2.1}{\376\377\000D\000e\000c\000e\000n\000t\000r\000a\000l\000i\000z\000e\000d\000\040\000L\000e\000n\000d\000i\000n\000g\000\040\000a\000n\000d\000\040\000D\000e\000F\000i\000\040\000P\000r\000o\000t\000o\000c\000o\000l\000\040\000D\000e\000s\000i\000g\000n}{section.2.2}% 26
\BOOKMARK [2][-]{subsection.2.2.2}{\376\377\000M\000a\000c\000h\000i\000n\000e\000\040\000L\000e\000a\000r\000n\000i\000n\000g\000\040\000f\000o\000r\000\040\000B\000l\000o\000c\000k\000c\000h\000a\000i\000n\000\040\000S\000e\000c\000u\000r\000i\000t\000y}{section.2.2}% 27
\BOOKMARK [2][-]{subsection.2.2.3}{\376\377\000E\000x\000p\000l\000a\000i\000n\000a\000b\000l\000e\000\040\000A\000I\000\040\000i\000n\000\040\000F\000i\000n\000a\000n\000c\000i\000a\000l\000\040\000D\000e\000c\000i\000s\000i\000o\000n\000\040\000S\000y\000s\000t\000e\000m\000s}{section.2.2}% 28
\BOOKMARK [2][-]{subsection.2.2.4}{\376\377\000B\000l\000o\000c\000k\000c\000h\000a\000i\000n\000\040\000f\000o\000r\000\040\000F\000i\000n\000a\000n\000c\000i\000a\000l\000\040\000I\000n\000c\000l\000u\000s\000i\000o\000n}{section.2.2}% 29
\BOOKMARK [2][-]{subsection.2.2.5}{\376\377\000S\000m\000a\000r\000t\000\040\000C\000o\000n\000t\000r\000a\000c\000t\000\040\000S\000e\000c\000u\000r\000i\000t\000y\000\040\000a\000n\000d\000\040\000G\000o\000v\000e\000r\000n\000a\000n\000c\000e}{section.2.2}% 30
\BOOKMARK [2][-]{subsection.2.2.6}{\376\377\000C\000o\000r\000r\000e\000s\000p\000o\000n\000d\000e\000n\000t\000\040\000B\000a\000n\000k\000i\000n\000g\000\040\000a\000n\000d\000\040\000C\000r\000o\000s\000s\000-\000B\000o\000r\000d\000e\000r\000\040\000S\000e\000t\000t\000l\000e\000m\000e\000n\000t}{section.2.2}% 31
\BOOKMARK [2][-]{subsection.2.2.7}{\376\377\000M\000o\000n\000e\000t\000a\000r\000y\000\040\000P\000o\000l\000i\000c\000y\000\040\000D\000i\000s\000t\000r\000i\000b\000u\000t\000i\000o\000n\000\040\000a\000n\000d\000\040\000F\000i\000n\000a\000n\000c\000i\000a\000l\000\040\000I\000n\000e\000q\000u\000a\000l\000i\000t\000y}{section.2.2}% 32
\BOOKMARK [2][-]{subsection.2.2.8}{\376\377\000R\000e\000a\000l\000-\000W\000o\000r\000l\000d\000\040\000A\000s\000s\000e\000t\000\040\000T\000o\000k\000e\000n\000i\000z\000a\000t\000i\000o\000n\000\040\000a\000n\000d\000\040\000I\000n\000s\000t\000i\000t\000u\000t\000i\000o\000n\000a\000l\000\040\000D\000e\000F\000i}{section.2.2}% 33
\BOOKMARK [1][-]{section.2.3}{\376\377\000L\000i\000t\000e\000r\000a\000t\000u\000r\000e\000\040\000R\000e\000v\000i\000e\000w\000\040\000S\000u\000m\000m\000a\000r\000y}{chapter.2}% 34
\BOOKMARK [1][-]{section.2.4}{\376\377\000S\000u\000m\000m\000a\000r\000y\000\040\000o\000f\000\040\000K\000e\000y\000\040\000F\000i\000n\000d\000i\000n\000g\000s}{chapter.2}% 35
\BOOKMARK [0][-]{chapter.3}{\376\377\000S\000y\000s\000t\000e\000m\000\040\000A\000r\000c\000h\000i\000t\000e\000c\000t\000u\000r\000e\000\040\000a\000n\000d\000\040\000D\000e\000s\000i\000g\000n}{}% 36
\BOOKMARK [1][-]{section.3.1}{\376\377\000H\000i\000g\000h\000-\000L\000e\000v\000e\000l\000\040\000A\000r\000c\000h\000i\000t\000e\000c\000t\000u\000r\000e}{chapter.3}% 37
\BOOKMARK [1][-]{section.3.2}{\376\377\000B\000l\000o\000c\000k\000c\000h\000a\000i\000n\000\040\000P\000l\000a\000t\000f\000o\000r\000m\000\040\000S\000e\000l\000e\000c\000t\000i\000o\000n}{chapter.3}% 38
\BOOKMARK [2][-]{subsection.3.2.1}{\376\377\000T\000r\000a\000n\000s\000a\000c\000t\000i\000o\000n\000\040\000V\000e\000r\000i\000f\000i\000c\000a\000t\000i\000o\000n\000\040\000a\000n\000d\000\040\000C\000o\000n\000s\000e\000n\000s\000u\000s}{section.3.2}% 39
\BOOKMARK [1][-]{section.3.3}{\376\377\000D\000a\000t\000a\000\040\000M\000o\000d\000e\000l\000\040\000a\000n\000d\000\040\000D\000a\000t\000a\000b\000a\000s\000e\000\040\000D\000e\000s\000i\000g\000n}{chapter.3}% 40
\BOOKMARK [2][-]{subsection.3.3.1}{\376\377\000E\000n\000t\000i\000t\000y\000\040\000S\000u\000m\000m\000a\000r\000y}{section.3.3}% 41
\BOOKMARK [2][-]{subsection.3.3.2}{\376\377\000E\000E\000R\000\040\000C\000o\000n\000s\000t\000r\000u\000c\000t\000s\000\040\000A\000p\000p\000l\000i\000e\000d}{section.3.3}% 42
\BOOKMARK [2][-]{subsection.3.3.3}{\376\377\000N\000o\000r\000m\000a\000l\000i\000z\000a\000t\000i\000o\000n}{section.3.3}% 43
\BOOKMARK [2][-]{subsection.3.3.4}{\376\377\000I\000n\000d\000e\000x\000i\000n\000g\000\040\000S\000t\000r\000a\000t\000e\000g\000y}{section.3.3}% 44
\BOOKMARK [2][-]{subsection.3.3.5}{\376\377\000F\000u\000n\000c\000t\000i\000o\000n\000a\000l\000\040\000D\000e\000p\000e\000n\000d\000e\000n\000c\000i\000e\000s}{section.3.3}% 45
\BOOKMARK [2][-]{subsection.3.3.6}{\376\377\000R\000e\000l\000a\000t\000i\000o\000n\000a\000l\000\040\000I\000n\000t\000e\000g\000r\000i\000t\000y\000\040\000C\000o\000n\000s\000t\000r\000a\000i\000n\000t\000s}{section.3.3}% 46
\BOOKMARK [1][-]{section.3.4}{\376\377\000O\000n\000-\000C\000h\000a\000i\000n\000\040\000a\000n\000d\000\040\000O\000f\000f\000-\000C\000h\000a\000i\000n\000\040\000D\000a\000t\000a\000\040\000P\000a\000r\000t\000i\000t\000i\000o\000n\000i\000n\000g}{chapter.3}% 47
\BOOKMARK [1][-]{section.3.5}{\376\377\000D\000i\000g\000i\000t\000a\000l\000\040\000I\000d\000e\000n\000t\000i\000t\000y\000\040\000S\000y\000s\000t\000e\000m}{chapter.3}% 48
\BOOKMARK [1][-]{section.3.6}{\376\377\000S\000y\000s\000t\000e\000m\000\040\000M\000o\000d\000e\000l\000i\000n\000g}{chapter.3}% 49
\BOOKMARK [2][-]{subsection.3.6.1}{\376\377\000U\000s\000e\000\040\000C\000a\000s\000e\000\040\000D\000i\000a\000g\000r\000a\000m}{section.3.6}% 50
\BOOKMARK [2][-]{subsection.3.6.2}{\376\377\000A\000c\000t\000i\000v\000i\000t\000y\000\040\000D\000i\000a\000g\000r\000a\000m\000s}{section.3.6}% 51
\BOOKMARK [2][-]{subsection.3.6.3}{\376\377\000D\000a\000t\000a\000\040\000F\000l\000o\000w\000\040\000D\000i\000a\000g\000r\000a\000m\000s}{section.3.6}% 52
\BOOKMARK [2][-]{subsection.3.6.4}{\376\377\000S\000e\000q\000u\000e\000n\000c\000e\000\040\000D\000i\000a\000g\000r\000a\000m\000s}{section.3.6}% 53
\BOOKMARK [2][-]{subsection.3.6.5}{\376\377\000F\000o\000u\000r\000-\000T\000i\000e\000r\000\040\000C\000a\000p\000i\000t\000a\000l\000\040\000F\000l\000o\000w}{section.3.6}% 54
\BOOKMARK [1][-]{section.3.7}{\376\377\000A\000u\000x\000i\000l\000i\000a\000r\000y\000\040\000D\000u\000a\000l\000-\000C\000u\000r\000r\000e\000n\000c\000y\000\040\000F\000a\000c\000i\000l\000i\000t\000y}{chapter.3}% 55
\BOOKMARK [1][-]{section.3.8}{\376\377\000G\000o\000v\000e\000r\000n\000a\000n\000c\000e\000\040\000F\000r\000a\000m\000e\000w\000o\000r\000k}{chapter.3}% 56
\BOOKMARK [2][-]{subsection.3.8.1}{\376\377\000N\000e\000t\000w\000o\000r\000k\000\040\000M\000e\000m\000b\000e\000r\000s\000h\000i\000p\000\040\000G\000o\000v\000e\000r\000n\000a\000n\000c\000e}{section.3.8}% 57
\BOOKMARK [2][-]{subsection.3.8.2}{\376\377\000B\000u\000s\000i\000n\000e\000s\000s\000\040\000N\000e\000t\000w\000o\000r\000k\000\040\000G\000o\000v\000e\000r\000n\000a\000n\000c\000e}{section.3.8}% 58
\BOOKMARK [2][-]{subsection.3.8.3}{\376\377\000T\000e\000c\000h\000n\000o\000l\000o\000g\000y\000\040\000I\000n\000f\000r\000a\000s\000t\000r\000u\000c\000t\000u\000r\000e\000\040\000G\000o\000v\000e\000r\000n\000a\000n\000c\000e}{section.3.8}% 59
\BOOKMARK [2][-]{subsection.3.8.4}{\376\377\000R\000e\000g\000u\000l\000a\000t\000o\000r\000y\000\040\000C\000o\000m\000p\000l\000i\000a\000n\000c\000e\000\040\000C\000o\000n\000s\000i\000d\000e\000r\000a\000t\000i\000o\000n\000s}{section.3.8}% 60
\BOOKMARK [2][-]{subsection.3.8.5}{\376\377\000A\000s\000s\000e\000t\000\040\000T\000o\000k\000e\000n\000i\000z\000a\000t\000i\000o\000n}{section.3.8}% 61
\BOOKMARK [0][-]{chapter.4}{\376\377\000M\000e\000t\000h\000o\000d\000o\000l\000o\000g\000y}{}% 62
\BOOKMARK [1][-]{section.4.1}{\376\377\000D\000e\000v\000e\000l\000o\000p\000m\000e\000n\000t\000\040\000M\000e\000t\000h\000o\000d\000o\000l\000o\000g\000y}{chapter.4}% 63
\BOOKMARK [1][-]{section.4.2}{\376\377\000P\000l\000a\000n\000n\000e\000d\000\040\000A\000I\000/\000M\000L\000\040\000S\000u\000p\000p\000o\000r\000t}{chapter.4}% 64
\BOOKMARK [1][-]{section.4.3}{\376\377\000S\000p\000r\000i\000n\000t\000\040\000P\000l\000a\000n\000\040\000a\000n\000d\000\040\000D\000e\000l\000i\000v\000e\000r\000a\000b\000l\000e\000s}{chapter.4}% 65
\BOOKMARK [2][-]{subsection.4.3.1}{\376\377\000S\000p\000r\000i\000n\000t\000\040\0001\000:\000\040\000F\000o\000u\000n\000d\000a\000t\000i\000o\000n\000\040\000a\000n\000d\000\040\000C\000o\000r\000e\000\040\000B\000a\000n\000k\000i\000n\000g\000\040\000\050\000W\000e\000e\000k\000s\000\040\0001\040\023\0003\000\051}{section.4.3}% 66
\BOOKMARK [2][-]{subsection.4.3.2}{\376\377\000S\000p\000r\000i\000n\000t\000\040\0002\000:\000\040\000L\000e\000n\000d\000i\000n\000g\000\040\000F\000e\000a\000t\000u\000r\000e\000s\000\040\000a\000n\000d\000\040\000C\000o\000m\000m\000u\000n\000i\000c\000a\000t\000i\000o\000n\000\040\000\050\000W\000e\000e\000k\000s\000\040\0004\040\023\0006\000\051}{section.4.3}% 67
\BOOKMARK [2][-]{subsection.4.3.3}{\376\377\000S\000p\000r\000i\000n\000t\000\040\0003\000:\000\040\000A\000I\000/\000M\000L\000\040\000S\000e\000c\000u\000r\000i\000t\000y\000\040\000a\000n\000d\000\040\000F\000i\000n\000a\000l\000i\000z\000a\000t\000i\000o\000n\000\040\000\050\000W\000e\000e\000k\000s\000\040\0007\040\023\0008\000\051}{section.4.3}% 68
\BOOKMARK [1][-]{section.4.4}{\376\377\000S\000D\000L\000C\000\040\000S\000t\000a\000g\000e\000\040\000M\000a\000p\000p\000i\000n\000g}{chapter.4}% 69
\BOOKMARK [1][-]{section.4.5}{\376\377\000D\000e\000s\000i\000g\000n\000\040\000D\000e\000c\000i\000s\000i\000o\000n\000s\000\040\000a\000n\000d\000\040\000A\000l\000t\000e\000r\000n\000a\000t\000i\000v\000e\000s}{chapter.4}% 70
\BOOKMARK [1][-]{section.4.6}{\376\377\000D\000e\000s\000i\000g\000n\000\040\000P\000a\000t\000t\000e\000r\000n\000s}{chapter.4}% 71
\BOOKMARK [1][-]{section.4.7}{\376\377\000S\000o\000f\000t\000w\000a\000r\000e\000\040\000T\000e\000s\000t\000i\000n\000g\000\040\000S\000t\000r\000a\000t\000e\000g\000y}{chapter.4}% 72
\BOOKMARK [0][-]{chapter.5}{\376\377\000M\000a\000r\000k\000e\000t\000\040\000A\000n\000a\000l\000y\000s\000i\000s\000\040\000a\000n\000d\000\040\000F\000e\000a\000s\000i\000b\000i\000l\000i\000t\000y}{}% 73
\BOOKMARK [1][-]{section.5.1}{\376\377\000M\000a\000r\000k\000e\000t\000\040\000S\000i\000z\000i\000n\000g}{chapter.5}% 74
\BOOKMARK [1][-]{section.5.2}{\376\377\000T\000a\000r\000g\000e\000t\000\040\000C\000u\000s\000t\000o\000m\000e\000r\000\040\000S\000e\000g\000m\000e\000n\000t}{chapter.5}% 75
\BOOKMARK [1][-]{section.5.3}{\376\377\000P\000a\000r\000t\000n\000e\000r\000\040\000E\000c\000o\000s\000y\000s\000t\000e\000m}{chapter.5}% 76
\BOOKMARK [1][-]{section.5.4}{\376\377\000C\000o\000m\000p\000e\000t\000i\000t\000i\000v\000e\000\040\000L\000a\000n\000d\000s\000c\000a\000p\000e}{chapter.5}% 77
\BOOKMARK [1][-]{section.5.5}{\376\377\000R\000i\000s\000k\000\040\000T\000a\000x\000o\000n\000o\000m\000y}{chapter.5}% 78
\BOOKMARK [1][-]{section.5.6}{\376\377\000T\000e\000c\000h\000n\000i\000c\000a\000l\000\040\000F\000e\000a\000s\000i\000b\000i\000l\000i\000t\000y}{chapter.5}% 79
\BOOKMARK [1][-]{section.5.7}{\376\377\000E\000c\000o\000n\000o\000m\000i\000c\000\040\000F\000e\000a\000s\000i\000b\000i\000l\000i\000t\000y}{chapter.5}% 80
\BOOKMARK [1][-]{section.5.8}{\376\377\000R\000e\000v\000e\000n\000u\000e\000\040\000P\000r\000o\000j\000e\000c\000t\000i\000o\000n}{chapter.5}% 81
\BOOKMARK [2][-]{subsection.5.8.1}{\376\377\000T\000r\000a\000n\000s\000a\000c\000t\000i\000o\000n\000\040\000E\000c\000o\000n\000o\000m\000i\000c\000s\000:\000\040\000I\000n\000t\000e\000r\000e\000s\000t\000\040\000R\000a\000t\000e\000s}{section.5.8}% 82
\BOOKMARK [2][-]{subsection.5.8.2}{\376\377\000G\000l\000o\000b\000a\000l\000\040\000E\000c\000o\000n\000o\000m\000i\000c\000\040\000I\000m\000p\000a\000c\000t}{section.5.8}% 83
\BOOKMARK [2][-]{subsection.5.8.3}{\376\377\000V\000a\000l\000u\000e\000\040\000P\000r\000o\000p\000o\000s\000i\000t\000i\000o\000n\000\040\000a\000n\000d\000\040\000G\000o\000-\000t\000o\000-\000M\000a\000r\000k\000e\000t}{section.5.8}% 84
\BOOKMARK [0][-]{chapter.6}{\376\377\000C\000o\000n\000c\000l\000u\000s\000i\000o\000n}{}% 85
\BOOKMARK [0][-]{appendix.A}{\376\377\000T\000e\000c\000h\000n\000o\000l\000o\000g\000y\000\040\000S\000t\000a\000c\000k}{}% 86
\BOOKMARK [0][-]{appendix.B}{\376\377\000S\000m\000a\000r\000t\000\040\000C\000o\000n\000t\000r\000a\000c\000t\000\040\000C\000a\000p\000a\000b\000i\000l\000i\000t\000i\000e\000s}{}% 87
\BOOKMARK [0][-]{appendix*.76}{\376\377\000R\000e\000f\000e\000r\000e\000n\000c\000e\000s}{}% 88
